<?xml version="1.0" encoding="UTF-8"?>
<!-- Generated by org.testng.reporters.JUnitXMLReporter -->
<testsuite hostname="DESKTOP-MUE1MC5" ignored="0" name="Default test" tests="4" failures="0" timestamp="2021-03-19T21:14:11 IST" time="26.646" errors="0">
  <testcase name="VerifyEarthCloseApproachAsteroidResponseIsNotNull" time="4.867" classname="apitests.TestEarthCloseApproach"/>
  <testcase name="VerifyEarthCloseApproachAsteroidResponseSignatureIsValid" time="3.318" classname="apitests.TestEarthCloseApproach"/>
  <testcase name="TestEarthCloseApproachSortedAscending" time="16.278" classname="apitests.TestEarthCloseApproach"/>
  <testcase name="TestEarthCloseApproachSortedDescending" time="1.874" classname="apitests.TestEarthCloseApproach"/>
</testsuite> <!-- Default test -->
