<?xml version="1.0" encoding="UTF-8"?>
<!-- Generated by org.testng.reporters.JUnitXMLReporter -->
<testsuite hostname="DESKTOP-MUE1MC5" ignored="0" name="Test" tests="10" failures="0" timestamp="2021-03-19T21:15:40 IST" time="24.36" errors="0">
  <testcase name="VerifyEarthCloseApproachAsteroidResponseIsNotNull" time="5.808" classname="apitests.TestEarthCloseApproach"/>
  <testcase name="VerifyEarthCloseApproachAsteroidResponseSignatureIsValid" time="1.923" classname="apitests.TestEarthCloseApproach"/>
  <testcase name="TestEarthCloseApproachSortedAscending" time="1.917" classname="apitests.TestEarthCloseApproach"/>
  <testcase name="TestEarthCloseApproachSortedDescending" time="1.836" classname="apitests.TestEarthCloseApproach"/>
  <testcase name="VerifyAllCloseApproachAsteroidResponseIsNotNull" time="1.72" classname="apitests.TestAllCloseApproach"/>
  <testcase name="VerifyAllCloseApproachAsteroidResponseSignatureIsValid" time="1.792" classname="apitests.TestAllCloseApproach"/>
  <testcase name="VerifyAllCloseApproachAsteroidBetweenDateRange" time="3.554" classname="apitests.TestAllCloseApproach"/>
  <testcase name="VerifyAllCloseApproachAsteroidsWithinDistanceRange" time="1.735" classname="apitests.TestAllCloseApproach"/>
  <testcase name="VerifyOrbitIDWithRespectiveDesignationValue" time="1.9" classname="apitests.TestAllCloseApproach"/>
  <testcase name="VerifyOrbitIDWithRespectiveDesignationValue" time="1.775" classname="apitests.TestAllCloseApproach"/>
</testsuite> <!-- Test -->
