<?xml version="1.0" encoding="UTF-8"?>
<!-- Generated by org.testng.reporters.JUnitXMLReporter -->
<testsuite hostname="DESKTOP-MUE1MC5" ignored="0" name="Test" tests="10" failures="0" timestamp="2021-03-19T21:28:48 IST" time="23.279" errors="0">
  <testcase name="VerifyEarthCloseApproachAsteroidResponseIsNotNull" time="5.282" classname="apitests.TestEarthCloseApproach"/>
  <testcase name="VerifyEarthCloseApproachAsteroidResponseSignatureIsValid" time="1.887" classname="apitests.TestEarthCloseApproach"/>
  <testcase name="TestEarthCloseApproachSortedAscending" time="1.866" classname="apitests.TestEarthCloseApproach"/>
  <testcase name="TestEarthCloseApproachSortedDescending" time="1.841" classname="apitests.TestEarthCloseApproach"/>
  <testcase name="VerifyAllCloseApproachAsteroidResponseIsNotNull" time="1.792" classname="apitests.TestAllCloseApproach"/>
  <testcase name="VerifyAllCloseApproachAsteroidResponseSignatureIsValid" time="2.661" classname="apitests.TestAllCloseApproach"/>
  <testcase name="VerifyAllCloseApproachAsteroidBetweenDateRange" time="2.306" classname="apitests.TestAllCloseApproach"/>
  <testcase name="VerifyAllCloseApproachAsteroidsWithinDistanceRange" time="1.743" classname="apitests.TestAllCloseApproach"/>
  <testcase name="VerifyOrbitIDWithRespectiveDesignationValue" time="1.754" classname="apitests.TestAllCloseApproach"/>
  <testcase name="VerifyOrbitIDWithRespectiveDesignationValue" time="1.794" classname="apitests.TestAllCloseApproach"/>
</testsuite> <!-- Test -->
