<?xml version="1.0" encoding="UTF-8"?>
<!-- Generated by org.testng.reporters.JUnitXMLReporter -->
<testsuite hostname="DESKTOP-MUE1MC5" ignored="0" name="Test" tests="7" failures="0" timestamp="2021-03-17T11:48:26 IST" time="20.745" errors="0">
  <testcase name="TestEarthCloseApproachSortedAscending" time="8.214" classname="apitests.TestEarthCloseApproach"/>
  <testcase name="TestEarthCloseApproachSortedDescending" time="4.063" classname="apitests.TestEarthCloseApproach"/>
  <testcase name="TestAllCloseApproachAsteroidBetweenDateRange" time="1.696" classname="apitests.TestAllCloseApproach"/>
  <testcase name="TestAllCloseApproachAsteroidResponseIsNotNull" time="1.645" classname="apitests.TestAllCloseApproach"/>
  <testcase name="TestAllCloseApproachAsteroidWithinDistanceRange" time="1.579" classname="apitests.TestAllCloseApproach"/>
  <testcase name="TestOrbitIDWithRespectiveDesignationValue" time="1.617" classname="apitests.TestAllCloseApproach"/>
  <testcase name="TestOrbitIDWithRespectiveDesignationValue" time="1.615" classname="apitests.TestAllCloseApproach"/>
</testsuite> <!-- Test -->
