<?xml version="1.0" encoding="UTF-8"?>
<!-- Generated by org.testng.reporters.JUnitXMLReporter -->
<testsuite hostname="DESKTOP-MUE1MC5" ignored="0" name="Test" tests="15" failures="0" timestamp="2021-03-20T15:00:23 IST" time="23.927" errors="0">
  <testcase name="VerifyEarthCloseApproachAsteroidResponseIsNotNull" time="7.459" classname="apitests.TestEarthCloseApproach"/>
  <testcase name="VerifyEarthCloseApproachAsteroidResponseSignatureIsValid" time="1.841" classname="apitests.TestEarthCloseApproach"/>
  <testcase name="TestEarthCloseApproachSortedAscending" time="1.82" classname="apitests.TestEarthCloseApproach"/>
  <testcase name="TestEarthCloseApproachSortedDescending" time="1.748" classname="apitests.TestEarthCloseApproach"/>
  <testcase name="verifyHelloServiceUpAndRunning" time="0.399" classname="hellosvctest.TestHelloService"/>
  <testcase name="verifyHelloSvcGivesResponseWithSingleWord" time="0.089" classname="hellosvctest.TestHelloService"/>
  <testcase name="verifyHelloSvcReturnsWholeString" time="0.106" classname="hellosvctest.TestHelloService"/>
  <testcase name="verifyHelloSvcRevertsNumericString" time="0.094" classname="hellosvctest.TestHelloService"/>
  <testcase name="verifyHelloSvcShouldNotBreakForEmptyString" time="0.077" classname="hellosvctest.TestHelloService"/>
  <testcase name="VerifyAllCloseApproachAsteroidResponseIsNotNull" time="1.572" classname="apitests.TestAllCloseApproach"/>
  <testcase name="VerifyAllCloseApproachAsteroidResponseSignatureIsValid" time="1.621" classname="apitests.TestAllCloseApproach"/>
  <testcase name="VerifyAllCloseApproachAsteroidBetweenDateRange" time="1.553" classname="apitests.TestAllCloseApproach"/>
  <testcase name="VerifyAllCloseApproachAsteroidsWithinDistanceRange" time="1.587" classname="apitests.TestAllCloseApproach"/>
  <testcase name="VerifyOrbitIDWithRespectiveDesignationValue" time="1.556" classname="apitests.TestAllCloseApproach"/>
  <testcase name="VerifyOrbitIDWithRespectiveDesignationValue" time="1.576" classname="apitests.TestAllCloseApproach"/>
</testsuite> <!-- Test -->
