<?xml version="1.0" encoding="UTF-8"?>
<testsuite xmlns:xsi="http://www.w3.org/2001/XMLSchema-instance" xsi:noNamespaceSchemaLocation="https://maven.apache.org/surefire/maven-surefire-plugin/xsd/surefire-test-report-3.0.xsd" version="3.0" name="TestSuite" time="23.835" tests="7" errors="0" skipped="0" failures="0">
  <properties>
[...]
</properties>
  <testcase name="TestEarthCloseApproachSortedAscending" classname="apitests.TestEarthCloseApproach" time="10.344"/>
  <testcase name="TestEarthCloseApproachSortedDescending" classname="apitests.TestEarthCloseApproach" time="2.967"/>
  <testcase name="TestAllCloseApproachAsteroidBetweenDateRange" classname="apitests.TestAllCloseApproach" time="1.068"/>
  <testcase name="TestAllCloseApproachAsteroidResponseIsNotNull" classname="apitests.TestAllCloseApproach" time="1.525"/>
  <testcase name="TestAllCloseApproachAsteroidWithinDistanceRange" classname="apitests.TestAllCloseApproach" time="1.666"/>
  <testcase name="TestOrbitIDWithRespectiveDesignationValue" classname="apitests.TestAllCloseApproach" time="1.523"/>
  <testcase name="TestOrbitIDWithRespectiveDesignationValue" classname="apitests.TestAllCloseApproach" time="1.656"/>
</testsuite>