<?xml version="1.0" encoding="UTF-8"?>
<testng-results skipped="0" failed="0" ignored="0" total="2" passed="2">
  <reporter-output>
  </reporter-output>
  <suite name="Default suite" duration-ms="6242" started-at="2021-03-11T00:51:05 IST" finished-at="2021-03-11T00:51:11 IST">
    <groups>
    </groups>
    <test name="Default test" duration-ms="6242" started-at="2021-03-11T00:51:05 IST" finished-at="2021-03-11T00:51:11 IST">
      <class name="tests.TestCloseApproach">
        <test-method status="PASS" signature="setUp()[pri:0, instance:tests.TestCloseApproach@2b552920]" name="setUp" is-config="true" duration-ms="23" started-at="2021-03-11T00:51:05 IST" finished-at="2021-03-11T00:51:05 IST">
          <reporter-output>
          </reporter-output>
        </test-method> <!-- setUp -->
        <test-method status="PASS" signature="TestAllCloseApproachAsteroidData()[pri:0, instance:tests.TestCloseApproach@2b552920]" name="TestAllCloseApproachAsteroidData" duration-ms="4589" started-at="2021-03-11T00:51:05 IST" description="get all close-approach data for asteroid 433 Eros within 0.2 au between 1900-Jan-01 and 2100-Jan-01" finished-at="2021-03-11T00:51:10 IST">
          <reporter-output>
          </reporter-output>
        </test-method> <!-- TestAllCloseApproachAsteroidData -->
        <test-method status="PASS" signature="TestEarthCloseApproachData()[pri:0, instance:tests.TestCloseApproach@2b552920]" name="TestEarthCloseApproachData" duration-ms="1590" started-at="2021-03-11T00:51:10 IST" description="get Earth close-approach data for NEOs within 10 lunar distances on or after 2018-Jan-01 sorted by distance" finished-at="2021-03-11T00:51:11 IST">
          <reporter-output>
          </reporter-output>
        </test-method> <!-- TestEarthCloseApproachData -->
      </class> <!-- tests.TestCloseApproach -->
    </test> <!-- Default test -->
  </suite> <!-- Default suite -->
</testng-results>
